********************************************************************************
*                    Monday, December 11, 2017 10:51:19 PM                     *
********************************************************************************
CSharpCompilerWrapper.exe version: 2.0.3.30
Platform: Windows
Target assembly: Assembly-CSharp.dll
Project directory: E:\UnityRepos\Glitch Garden
Target profile directory: E:\Unity\Editor\Data\Mono\lib\mono\unity
Unity 'Data' or 'Frameworks' directory: E:/Unity/Editor/Data
Compiler: Microsoft C# 7.0

- Compilation -----------------------------------------------

Process: E:\UnityRepos\Glitch Garden\CSharp70Support\Roslyn\csc.exe
Arguments: -nostdlib+ -noconfig -nologo -r:"E:\Unity\Editor\Data\Mono\lib\mono\unity\mscorlib.dll" -r:"E:\Unity\Editor\Data\Mono\lib\mono\unity\System.dll" -r:"E:\Unity\Editor\Data\Mono\lib\mono\unity\System.Core.dll" -r:"E:\Unity\Editor\Data\Mono\lib\mono\unity\System.Xml.dll" @Temp/UnityTempFile-5e9139eeee26fda40b7f4755878ecddd 
Exit code: 0
Elapsed time: 10.45 sec

- Compiler output (0 lines):

- Compiler errors (0 lines):

- PDB to MDB conversion --------------------------------------

Process: E:\UnityRepos\Glitch Garden\CSharp70Support\Roslyn\pdb2mdb.exe
Arguments: Temp\Assembly-CSharp.dll
Exit code: 0
Elapsed time: 1.21 sec

- pdb2mdb.exe output (0 lines):
********************************************************************************
*                    Monday, December 11, 2017 10:51:36 PM                     *
********************************************************************************
CSharpCompilerWrapper.exe version: 2.0.3.30
Platform: Windows
Target assembly: Assembly-CSharp-Editor.dll
Project directory: E:\UnityRepos\Glitch Garden
Target profile directory: E:\Unity\Editor\Data\MonoBleedingEdge\lib\mono\2.0-api
Unity 'Data' or 'Frameworks' directory: E:/Unity/Editor/Data
Compiler: Microsoft C# 7.0

- Compilation -----------------------------------------------

Process: E:\UnityRepos\Glitch Garden\CSharp70Support\Roslyn\csc.exe
Arguments: -nostdlib+ -noconfig -nologo -r:"E:\Unity\Editor\Data\MonoBleedingEdge\lib\mono\2.0-api\mscorlib.dll" -r:"E:\Unity\Editor\Data\MonoBleedingEdge\lib\mono\2.0-api\System.dll" -r:"E:\Unity\Editor\Data\MonoBleedingEdge\lib\mono\2.0-api\System.Core.dll" -r:"E:\Unity\Editor\Data\MonoBleedingEdge\lib\mono\2.0-api\System.Xml.dll" @Temp/UnityTempFile-47cce50cb8ce4bf4dba14fcd33e8f109 
Exit code: 0
Elapsed time: 7.29 sec

- Compiler output (0 lines):

- Compiler errors (0 lines):

- PDB to MDB conversion --------------------------------------

Process: E:\UnityRepos\Glitch Garden\CSharp70Support\Roslyn\pdb2mdb.exe
Arguments: Temp\Assembly-CSharp-Editor.dll
Exit code: 0
Elapsed time: 0.36 sec

- pdb2mdb.exe output (0 lines):
********************************************************************************
*                    Monday, December 11, 2017 10:53:54 PM                     *
********************************************************************************
CSharpCompilerWrapper.exe version: 2.0.3.30
Platform: Windows
Target assembly: Assembly-CSharp.dll
Project directory: E:\UnityRepos\Glitch Garden
Target profile directory: E:\Unity\Editor\Data\Mono\lib\mono\unity
Unity 'Data' or 'Frameworks' directory: E:/Unity/Editor/Data
Compiler: Microsoft C# 7.0

- Compilation -----------------------------------------------

Process: E:\UnityRepos\Glitch Garden\CSharp70Support\Roslyn\csc.exe
Arguments: -nostdlib+ -noconfig -nologo -r:"E:\Unity\Editor\Data\Mono\lib\mono\unity\mscorlib.dll" -r:"E:\Unity\Editor\Data\Mono\lib\mono\unity\System.dll" -r:"E:\Unity\Editor\Data\Mono\lib\mono\unity\System.Core.dll" -r:"E:\Unity\Editor\Data\Mono\lib\mono\unity\System.Xml.dll" @Temp/UnityTempFile-2dcfe0896a3510d4c947694b2d377bb2 
Exit code: 0
Elapsed time: 5.65 sec

- Compiler output (0 lines):

- Compiler errors (0 lines):

- PDB to MDB conversion --------------------------------------

Process: E:\UnityRepos\Glitch Garden\CSharp70Support\Roslyn\pdb2mdb.exe
Arguments: Temp\Assembly-CSharp.dll
Exit code: 0
Elapsed time: 0.21 sec

- pdb2mdb.exe output (0 lines):
********************************************************************************
*                    Monday, December 11, 2017 10:54:01 PM                     *
********************************************************************************
CSharpCompilerWrapper.exe version: 2.0.3.30
Platform: Windows
Target assembly: Assembly-CSharp-Editor.dll
Project directory: E:\UnityRepos\Glitch Garden
Target profile directory: E:\Unity\Editor\Data\MonoBleedingEdge\lib\mono\2.0-api
Unity 'Data' or 'Frameworks' directory: E:/Unity/Editor/Data
Compiler: Microsoft C# 7.0

- Compilation -----------------------------------------------

Process: E:\UnityRepos\Glitch Garden\CSharp70Support\Roslyn\csc.exe
Arguments: -nostdlib+ -noconfig -nologo -r:"E:\Unity\Editor\Data\MonoBleedingEdge\lib\mono\2.0-api\mscorlib.dll" -r:"E:\Unity\Editor\Data\MonoBleedingEdge\lib\mono\2.0-api\System.dll" -r:"E:\Unity\Editor\Data\MonoBleedingEdge\lib\mono\2.0-api\System.Core.dll" -r:"E:\Unity\Editor\Data\MonoBleedingEdge\lib\mono\2.0-api\System.Xml.dll" @Temp/UnityTempFile-04ada7f7ee9373c4586bac5889d2a201 
Exit code: 0
Elapsed time: 3.99 sec

- Compiler output (0 lines):

- Compiler errors (0 lines):

- PDB to MDB conversion --------------------------------------

Process: E:\UnityRepos\Glitch Garden\CSharp70Support\Roslyn\pdb2mdb.exe
Arguments: Temp\Assembly-CSharp-Editor.dll
Exit code: 0
Elapsed time: 0.09 sec

- pdb2mdb.exe output (0 lines):
********************************************************************************
*                    Monday, December 11, 2017 10:55:38 PM                     *
********************************************************************************
CSharpCompilerWrapper.exe version: 2.0.3.30
Platform: Windows
Target assembly: Assembly-CSharp.dll
Project directory: E:\UnityRepos\Glitch Garden
Target profile directory: E:\Unity\Editor\Data\Mono\lib\mono\unity
Unity 'Data' or 'Frameworks' directory: E:/Unity/Editor/Data
Compiler: Microsoft C# 7.0

- Compilation -----------------------------------------------

Process: E:\UnityRepos\Glitch Garden\CSharp70Support\Roslyn\csc.exe
Arguments: -nostdlib+ -noconfig -nologo -r:"E:\Unity\Editor\Data\Mono\lib\mono\unity\mscorlib.dll" -r:"E:\Unity\Editor\Data\Mono\lib\mono\unity\System.dll" -r:"E:\Unity\Editor\Data\Mono\lib\mono\unity\System.Core.dll" -r:"E:\Unity\Editor\Data\Mono\lib\mono\unity\System.Xml.dll" @Temp/UnityTempFile-beff0e5cd437a654e986ebc2479c601d 
Exit code: 0
Elapsed time: 6.34 sec

- Compiler output (0 lines):

- Compiler errors (0 lines):

- PDB to MDB conversion --------------------------------------

Process: E:\UnityRepos\Glitch Garden\CSharp70Support\Roslyn\pdb2mdb.exe
Arguments: Temp\Assembly-CSharp.dll
Exit code: 0
Elapsed time: 0.24 sec

- pdb2mdb.exe output (0 lines):
********************************************************************************
*                    Monday, December 11, 2017 10:57:14 PM                     *
********************************************************************************
CSharpCompilerWrapper.exe version: 2.0.3.30
Platform: Windows
Target assembly: Assembly-CSharp.dll
Project directory: E:\UnityRepos\Glitch Garden
Target profile directory: E:\Unity\Editor\Data\Mono\lib\mono\unity
Unity 'Data' or 'Frameworks' directory: E:/Unity/Editor/Data
Compiler: Microsoft C# 7.0

- Compilation -----------------------------------------------

Process: E:\UnityRepos\Glitch Garden\CSharp70Support\Roslyn\csc.exe
Arguments: -nostdlib+ -noconfig -nologo -r:"E:\Unity\Editor\Data\Mono\lib\mono\unity\mscorlib.dll" -r:"E:\Unity\Editor\Data\Mono\lib\mono\unity\System.dll" -r:"E:\Unity\Editor\Data\Mono\lib\mono\unity\System.Core.dll" -r:"E:\Unity\Editor\Data\Mono\lib\mono\unity\System.Xml.dll" @Temp/UnityTempFile-61beb1fa5362b9840b85712a9dad7bfd 
Exit code: 0
Elapsed time: 4.68 sec

- Compiler output (0 lines):

- Compiler errors (0 lines):

- PDB to MDB conversion --------------------------------------

Process: E:\UnityRepos\Glitch Garden\CSharp70Support\Roslyn\pdb2mdb.exe
Arguments: Temp\Assembly-CSharp.dll
Exit code: 0
Elapsed time: 0.08 sec

- pdb2mdb.exe output (0 lines):
********************************************************************************
*                    Monday, December 11, 2017 10:57:20 PM                     *
********************************************************************************
CSharpCompilerWrapper.exe version: 2.0.3.30
Platform: Windows
Target assembly: Assembly-CSharp-Editor.dll
Project directory: E:\UnityRepos\Glitch Garden
Target profile directory: E:\Unity\Editor\Data\MonoBleedingEdge\lib\mono\2.0-api
Unity 'Data' or 'Frameworks' directory: E:/Unity/Editor/Data
Compiler: Microsoft C# 7.0

- Compilation -----------------------------------------------

Process: E:\UnityRepos\Glitch Garden\CSharp70Support\Roslyn\csc.exe
Arguments: -nostdlib+ -noconfig -nologo -r:"E:\Unity\Editor\Data\MonoBleedingEdge\lib\mono\2.0-api\mscorlib.dll" -r:"E:\Unity\Editor\Data\MonoBleedingEdge\lib\mono\2.0-api\System.dll" -r:"E:\Unity\Editor\Data\MonoBleedingEdge\lib\mono\2.0-api\System.Core.dll" -r:"E:\Unity\Editor\Data\MonoBleedingEdge\lib\mono\2.0-api\System.Xml.dll" @Temp/UnityTempFile-5dc78e3509277a44e956f00798722a5b 
Exit code: 0
Elapsed time: 4.07 sec

- Compiler output (0 lines):

- Compiler errors (0 lines):

- PDB to MDB conversion --------------------------------------

Process: E:\UnityRepos\Glitch Garden\CSharp70Support\Roslyn\pdb2mdb.exe
Arguments: Temp\Assembly-CSharp-Editor.dll
Exit code: 0
Elapsed time: 0.06 sec

- pdb2mdb.exe output (0 lines):
